[Info  - 22:45:14.439] Analyzing file 'file:///home/saroj/Documents/toneTag/src/App.js'...
[Info  - 22:45:38.960] Found 0 issue(s)
[Info  - 22:46:36.261] Analyzing file 'file:///home/saroj/Documents/toneTag/src/App.js'...
[Info  - 22:46:36.609] Found 0 issue(s)
[Info  - 22:47:04.105] Analyzing file 'file:///home/saroj/Documents/toneTag/src/HelperMethod/index.js'...
[Info  - 22:47:04.225] Found 0 issue(s)
[Info  - 22:48:07.497] Analyzing file 'file:///home/saroj/Documents/toneTag/src/HelperMethod/index.js'...
[Info  - 22:48:07.618] Found 0 issue(s)
[Info  - 22:48:11.303] Analyzing file 'file:///home/saroj/Documents/toneTag/src/HelperMethod/index.js'...
[Info  - 22:48:11.445] Found 0 issue(s)
[Info  - 22:48:25.915] Analyzing file 'file:///home/saroj/Documents/toneTag/src/HelperMethod/index.js'...
[Info  - 22:48:25.991] Found 0 issue(s)
[Info  - 22:48:29.118] Analyzing file 'file:///home/saroj/Documents/toneTag/src/HelperMethod/index.js'...
[Info  - 22:48:29.204] Found 0 issue(s)
[Info  - 22:48:46.135] Analyzing file 'file:///home/saroj/Documents/toneTag/src/HelperMethod/index.js'...
[Info  - 22:48:46.409] Found 0 issue(s)
[Info  - 22:49:02.258] Analyzing file 'file:///home/saroj/Documents/toneTag/src/HelperMethod/index.js'...
[Info  - 22:49:02.397] Found 0 issue(s)
[Info  - 22:49:19.566] Analyzing file 'file:///home/saroj/Documents/toneTag/src/App.js'...
[Info  - 22:49:19.732] Found 0 issue(s)
[Info  - 22:49:20.967] Analyzing file 'file:///home/saroj/Documents/toneTag/src/App.js'...
[Info  - 22:49:21.165] Found 0 issue(s)
[Info  - 22:49:25.570] Analyzing file 'file:///home/saroj/Documents/toneTag/src/App.js'...
[Info  - 22:49:25.729] Found 0 issue(s)
[Info  - 22:49:28.173] Analyzing file 'file:///home/saroj/Documents/toneTag/src/App.js'...
[Info  - 22:49:28.301] Found 0 issue(s)
[Info  - 22:50:24.428] Analyzing file 'file:///home/saroj/Documents/toneTag/src/App.js'...
[Info  - 22:50:24.591] Found 0 issue(s)
[Info  - 22:50:25.229] Analyzing file 'file:///home/saroj/Documents/toneTag/src/App.js'...
[Info  - 22:50:25.280] Found 0 issue(s)
[Info  - 22:50:26.030] Analyzing file 'file:///home/saroj/Documents/toneTag/src/App.js'...
[Info  - 22:50:26.263] Found 0 issue(s)
[Info  - 22:50:33.038] Analyzing file 'file:///home/saroj/Documents/toneTag/src/App.js'...
[Info  - 22:50:33.230] Found 0 issue(s)
[Info  - 22:50:34.238] Analyzing file 'file:///home/saroj/Documents/toneTag/src/App.js'...
[Info  - 22:50:34.402] Found 1 issue(s)
[Info  - 22:50:35.239] Analyzing file 'file:///home/saroj/Documents/toneTag/src/App.js'...
[Info  - 22:50:35.285] Found 0 issue(s)
[Info  - 22:50:38.641] Analyzing file 'file:///home/saroj/Documents/toneTag/src/App.js'...
[Info  - 22:50:38.792] Found 0 issue(s)
[Info  - 22:50:51.852] Analyzing file 'file:///home/saroj/Documents/toneTag/src/HelperMethod/index.js'...
[Info  - 22:50:51.908] Found 0 issue(s)
[Info  - 22:50:53.454] Analyzing file 'file:///home/saroj/Documents/toneTag/src/HelperMethod/index.js'...
[Info  - 22:50:53.543] Found 0 issue(s)
[Info  - 22:50:55.256] Analyzing file 'file:///home/saroj/Documents/toneTag/src/HelperMethod/index.js'...
[Info  - 22:50:55.503] Found 0 issue(s)
[Info  - 22:51:08.838] Analyzing file 'file:///home/saroj/Documents/toneTag/src/HelperMethod/index.js'...
[Info  - 22:51:09.063] Found 0 issue(s)
[Info  - 22:51:25.292] Analyzing file 'file:///home/saroj/Documents/toneTag/src/HelperMethod/index.js'...
[Info  - 22:51:25.571] Found 0 issue(s)
[Info  - 22:51:28.694] Analyzing file 'file:///home/saroj/Documents/toneTag/src/HelperMethod/index.js'...
[Info  - 22:51:28.941] Found 0 issue(s)
[Info  - 22:51:29.496] Analyzing file 'file:///home/saroj/Documents/toneTag/src/HelperMethod/index.js'...
[Info  - 22:51:29.717] Found 0 issue(s)
[Info  - 22:51:31.097] Analyzing file 'file:///home/saroj/Documents/toneTag/src/HelperMethod/index.js'...
[Info  - 22:51:31.338] Found 0 issue(s)
[Info  - 22:51:31.633] Analyzing file 'file:///home/saroj/Documents/toneTag/src/HelperMethod/index.js'...
[Info  - 22:51:31.801] Found 0 issue(s)
[Info  - 22:51:31.898] Analyzing file 'file:///home/saroj/Documents/toneTag/src/HelperMethod/index.js'...
[Info  - 22:51:32.127] Found 0 issue(s)
[Info  - 22:51:38.705] Analyzing file 'file:///home/saroj/Documents/toneTag/src/App.js'...
[Info  - 22:51:38.820] Found 0 issue(s)
[Info  - 22:51:41.307] Analyzing file 'file:///home/saroj/Documents/toneTag/src/App.js'...
[Info  - 22:51:41.357] Found 0 issue(s)
[Info  - 22:51:46.710] Analyzing file 'file:///home/saroj/Documents/toneTag/src/App.js'...
[Info  - 22:51:46.815] Found 0 issue(s)
[Info  - 22:51:48.312] Analyzing file 'file:///home/saroj/Documents/toneTag/src/App.js'...
[Info  - 22:51:48.396] Found 0 issue(s)
[Info  - 22:51:49.313] Analyzing file 'file:///home/saroj/Documents/toneTag/src/App.js'...
[Info  - 22:51:49.371] Found 0 issue(s)
[Info  - 22:51:51.514] Analyzing file 'file:///home/saroj/Documents/toneTag/src/App.js'...
[Info  - 22:51:51.560] Found 0 issue(s)
[Info  - 22:51:53.317] Analyzing file 'file:///home/saroj/Documents/toneTag/src/App.js'...
[Info  - 22:51:53.378] Found 0 issue(s)
[Info  - 22:51:54.920] Analyzing file 'file:///home/saroj/Documents/toneTag/src/App.js'...
[Info  - 22:51:55.058] Found 1 issue(s)
[Info  - 22:51:56.321] Analyzing file 'file:///home/saroj/Documents/toneTag/src/App.js'...
[Info  - 22:51:56.490] Found 1 issue(s)
[Info  - 22:51:57.123] Analyzing file 'file:///home/saroj/Documents/toneTag/src/App.js'...
[Info  - 22:51:57.345] Found 1 issue(s)
[Info  - 22:51:57.924] Analyzing file 'file:///home/saroj/Documents/toneTag/src/App.js'...
[Info  - 22:51:58.048] Found 1 issue(s)
[Info  - 22:52:00.326] Analyzing file 'file:///home/saroj/Documents/toneTag/src/App.js'...
[Info  - 22:52:00.455] Found 1 issue(s)
[Info  - 22:52:00.896] Analyzing file 'file:///home/saroj/Documents/toneTag/src/App.js'...
[Info  - 22:52:01.142] Found 1 issue(s)
[Info  - 22:52:07.533] Analyzing file 'file:///home/saroj/Documents/toneTag/src/App.js'...
[Info  - 22:52:07.728] Found 1 issue(s)
[Info  - 22:52:08.933] Analyzing file 'file:///home/saroj/Documents/toneTag/src/App.js'...
[Info  - 22:52:09.057] Found 2 issue(s)
[Info  - 22:52:10.134] Analyzing file 'file:///home/saroj/Documents/toneTag/src/App.js'...
[Info  - 22:52:10.306] Found 2 issue(s)
[Info  - 22:52:11.735] Analyzing file 'file:///home/saroj/Documents/toneTag/src/App.js'...
[Info  - 22:52:11.895] Found 2 issue(s)
[Info  - 22:52:12.736] Analyzing file 'file:///home/saroj/Documents/toneTag/src/App.js'...
[Info  - 22:52:12.848] Found 1 issue(s)
[Info  - 22:52:15.338] Analyzing file 'file:///home/saroj/Documents/toneTag/src/App.js'...
[Info  - 22:52:15.438] Found 1 issue(s)
[Info  - 22:52:19.941] Analyzing file 'file:///home/saroj/Documents/toneTag/src/App.js'...
[Info  - 22:52:20.057] Found 1 issue(s)
[Info  - 22:52:21.142] Analyzing file 'file:///home/saroj/Documents/toneTag/src/App.js'...
[Info  - 22:52:21.254] Found 1 issue(s)
[Info  - 22:52:22.944] Analyzing file 'file:///home/saroj/Documents/toneTag/src/App.js'...
[Info  - 22:52:23.047] Found 1 issue(s)
[Info  - 22:52:52.969] Analyzing file 'file:///home/saroj/Documents/toneTag/src/App.js'...
[Info  - 22:52:53.086] Found 1 issue(s)
[Info  - 22:52:55.771] Analyzing file 'file:///home/saroj/Documents/toneTag/src/App.js'...
[Info  - 22:52:55.899] Found 1 issue(s)
[Info  - 22:52:57.377] Analyzing file 'file:///home/saroj/Documents/toneTag/src/App.js'...
[Info  - 22:52:57.575] Found 1 issue(s)
[Info  - 22:52:59.178] Analyzing file 'file:///home/saroj/Documents/toneTag/src/App.js'...
[Info  - 22:52:59.278] Found 1 issue(s)
[Info  - 22:53:00.579] Analyzing file 'file:///home/saroj/Documents/toneTag/src/App.js'...
[Info  - 22:53:00.717] Found 1 issue(s)
[Info  - 22:53:04.783] Analyzing file 'file:///home/saroj/Documents/toneTag/src/App.js'...
[Info  - 22:53:04.914] Found 0 issue(s)
[Info  - 22:53:05.361] Analyzing file 'file:///home/saroj/Documents/toneTag/src/App.js'...
[Info  - 22:53:05.473] Found 0 issue(s)
[Info  - 22:53:05.474] Analyzing file 'file:///home/saroj/Documents/toneTag/src/App.js'...
[Info  - 22:53:05.614] Found 0 issue(s)
[Info  - 22:53:05.985] Analyzing file 'file:///home/saroj/Documents/toneTag/src/App.js'...
[Info  - 22:53:06.179] Found 0 issue(s)
[Info  - 22:53:22.126] Analyzing file 'file:///home/saroj/.cache/typescript/3.9/node_modules/%40types/react-native/index.d.ts'...
[Info  - 22:53:28.404] Analyzing file 'file:///home/saroj/Documents/toneTag/src/App.js'...
[Info  - 22:53:28.444] Found 0 issue(s)
[Info  - 22:53:29.805] Analyzing file 'file:///home/saroj/Documents/toneTag/src/App.js'...
[Info  - 22:53:29.977] Found 0 issue(s)
[Info  - 22:53:32.881] Analyzing file 'file:///home/saroj/Documents/toneTag/src/App.js'...
[Info  - 22:53:33.007] Found 0 issue(s)
[Info  - 22:55:04.769] Analyzing file 'file:///home/saroj/Documents/toneTag/src/App.js'...
[Info  - 22:55:04.971] Found 1 issue(s)
[Info  - 22:55:05.256] Analyzing file 'file:///home/saroj/Documents/toneTag/src/App.js'...
[Info  - 22:55:05.501] Found 1 issue(s)
[Info  - 22:55:31.617] Analyzing file 'file:///home/saroj/Documents/toneTag/src/App.js'...
[Info  - 22:55:31.717] Found 0 issue(s)
[Info  - 22:55:31.718] Analyzing file 'file:///home/saroj/Documents/toneTag/src/App.js'...
[Info  - 22:55:31.833] Found 0 issue(s)
[Info  - 22:56:52.777] Analyzing file 'file:///home/saroj/Documents/toneTag/src/App.js'...
[Info  - 22:56:52.824] Found 0 issue(s)
[Info  - 22:56:54.179] Analyzing file 'file:///home/saroj/Documents/toneTag/src/App.js'...
[Info  - 22:56:54.333] Found 0 issue(s)
[Info  - 22:56:54.447] Analyzing file 'file:///home/saroj/Documents/toneTag/src/App.js'...
[Info  - 22:56:54.566] Found 0 issue(s)
[Info  - 22:57:39.413] Analyzing file 'file:///home/saroj/Documents/toneTag/src/App.js'...
[Info  - 22:57:39.510] Found 1 issue(s)
[Info  - 22:57:40.614] Analyzing file 'file:///home/saroj/Documents/toneTag/src/App.js'...
[Info  - 22:57:40.707] Found 1 issue(s)
[Info  - 22:57:42.616] Analyzing file 'file:///home/saroj/Documents/toneTag/src/App.js'...
[Info  - 22:57:42.724] Found 1 issue(s)
[Info  - 22:57:43.617] Analyzing file 'file:///home/saroj/Documents/toneTag/src/App.js'...
[Info  - 22:57:43.737] Found 1 issue(s)
[Info  - 22:57:45.619] Analyzing file 'file:///home/saroj/Documents/toneTag/src/App.js'...
[Info  - 22:57:45.732] Found 1 issue(s)
[Info  - 22:57:48.222] Analyzing file 'file:///home/saroj/Documents/toneTag/src/App.js'...
[Info  - 22:57:48.309] Found 1 issue(s)
[Info  - 22:57:50.237] Analyzing file 'file:///home/saroj/Documents/toneTag/src/App.js'...
[Info  - 22:57:50.346] Found 0 issue(s)
[Info  - 22:57:50.424] Analyzing file 'file:///home/saroj/Documents/toneTag/src/App.js'...
[Info  - 22:57:50.566] Found 0 issue(s)
[Info  - 22:58:27.268] Analyzing file 'file:///home/saroj/Documents/toneTag/src/App.js'...
[Info  - 22:58:27.396] Found 0 issue(s)
[Info  - 22:58:31.071] Analyzing file 'file:///home/saroj/Documents/toneTag/src/App.js'...
[Info  - 22:58:31.122] Found 0 issue(s)
[Info  - 22:58:34.875] Analyzing file 'file:///home/saroj/Documents/toneTag/src/App.js'...
[Info  - 22:58:34.941] Found 0 issue(s)
[Info  - 22:58:37.077] Analyzing file 'file:///home/saroj/Documents/toneTag/src/App.js'...
[Info  - 22:58:37.133] Found 0 issue(s)
[Info  - 22:58:38.077] Analyzing file 'file:///home/saroj/Documents/toneTag/src/App.js'...
[Info  - 22:58:38.131] Found 0 issue(s)
[Info  - 22:58:38.678] Analyzing file 'file:///home/saroj/Documents/toneTag/src/App.js'...
[Info  - 22:58:38.729] Found 0 issue(s)
[Info  - 22:58:39.879] Analyzing file 'file:///home/saroj/Documents/toneTag/src/App.js'...
[Info  - 22:58:39.929] Found 0 issue(s)
[Info  - 22:58:40.680] Analyzing file 'file:///home/saroj/Documents/toneTag/src/App.js'...
[Info  - 22:58:40.728] Found 0 issue(s)
[Info  - 22:58:44.684] Analyzing file 'file:///home/saroj/Documents/toneTag/src/App.js'...
[Info  - 22:58:44.743] Found 0 issue(s)
[Info  - 22:58:46.486] Analyzing file 'file:///home/saroj/Documents/toneTag/src/App.js'...
[Info  - 22:58:46.619] Found 0 issue(s)
[Info  - 22:58:48.488] Analyzing file 'file:///home/saroj/Documents/toneTag/src/App.js'...
[Info  - 22:58:48.588] Found 1 issue(s)
[Info  - 22:58:49.889] Analyzing file 'file:///home/saroj/Documents/toneTag/src/App.js'...
[Info  - 22:58:49.999] Found 1 issue(s)
[Info  - 22:58:50.690] Analyzing file 'file:///home/saroj/Documents/toneTag/src/App.js'...
[Info  - 22:58:50.791] Found 1 issue(s)
[Info  - 22:58:52.091] Analyzing file 'file:///home/saroj/Documents/toneTag/src/App.js'...
[Info  - 22:58:52.177] Found 0 issue(s)
[Info  - 22:58:54.093] Analyzing file 'file:///home/saroj/Documents/toneTag/src/App.js'...
[Info  - 22:58:54.196] Found 0 issue(s)
[Info  - 22:58:54.693] Analyzing file 'file:///home/saroj/Documents/toneTag/src/App.js'...
[Info  - 22:58:54.775] Found 0 issue(s)
[Info  - 22:58:55.894] Analyzing file 'file:///home/saroj/Documents/toneTag/src/App.js'...
[Info  - 22:58:55.931] Found 0 issue(s)
[Info  - 22:59:03.704] Analyzing file 'file:///home/saroj/Documents/toneTag/src/App.js'...
[Info  - 22:59:03.820] Found 0 issue(s)
[Info  - 22:59:06.706] Analyzing file 'file:///home/saroj/Documents/toneTag/src/App.js'...
[Info  - 22:59:06.754] Found 0 issue(s)
[Info  - 22:59:19.121] Analyzing file 'file:///home/saroj/Documents/toneTag/src/App.js'...
[Info  - 22:59:19.250] Found 0 issue(s)
[Info  - 22:59:21.123] Analyzing file 'file:///home/saroj/Documents/toneTag/src/App.js'...
[Info  - 22:59:21.212] Found 0 issue(s)
[Info  - 22:59:21.704] Analyzing file 'file:///home/saroj/Documents/toneTag/src/App.js'...
[Info  - 22:59:21.813] Found 0 issue(s)
[Info  - 22:59:27.930] Analyzing file 'file:///home/saroj/Documents/toneTag/src/App.js'...
[Info  - 22:59:28.030] Found 0 issue(s)
[Info  - 22:59:28.730] Analyzing file 'file:///home/saroj/Documents/toneTag/src/App.js'...
[Info  - 22:59:28.833] Found 0 issue(s)
[Info  - 22:59:29.731] Analyzing file 'file:///home/saroj/Documents/toneTag/src/App.js'...
[Info  - 22:59:29.828] Found 0 issue(s)
[Info  - 22:59:30.533] Analyzing file 'file:///home/saroj/Documents/toneTag/src/App.js'...
[Info  - 22:59:30.646] Found 0 issue(s)
[Info  - 22:59:34.137] Analyzing file 'file:///home/saroj/Documents/toneTag/src/App.js'...
[Info  - 22:59:34.239] Found 0 issue(s)
[Info  - 22:59:41.144] Analyzing file 'file:///home/saroj/Documents/toneTag/src/App.js'...
[Info  - 22:59:41.244] Found 0 issue(s)
[Info  - 22:59:41.745] Analyzing file 'file:///home/saroj/Documents/toneTag/src/App.js'...
[Info  - 22:59:41.836] Found 0 issue(s)
[Info  - 22:59:42.545] Analyzing file 'file:///home/saroj/Documents/toneTag/src/App.js'...
[Info  - 22:59:42.589] Found 0 issue(s)
[Info  - 22:59:43.278] Analyzing file 'file:///home/saroj/Documents/toneTag/src/App.js'...
[Info  - 22:59:43.414] Found 0 issue(s)
[Info  - 22:59:43.415] Analyzing file 'file:///home/saroj/Documents/toneTag/src/App.js'...
[Info  - 22:59:43.527] Found 0 issue(s)
[Info  - 23:02:44.288] Analyzing file 'file:///home/saroj/Documents/toneTag/src/App.js'...
[Info  - 23:02:44.425] Found 1 issue(s)
[Info  - 23:02:52.695] Analyzing file 'file:///home/saroj/Documents/toneTag/src/App.js'...
[Info  - 23:02:52.832] Found 1 issue(s)
[Info  - 23:02:53.504] Analyzing file 'file:///home/saroj/Documents/toneTag/src/App.js'...
[Info  - 23:02:53.607] Found 1 issue(s)
[Info  - 23:03:08.716] Analyzing file 'file:///home/saroj/Documents/toneTag/src/App.js'...
[Info  - 23:03:08.834] Found 0 issue(s)
[Info  - 23:03:08.947] Analyzing file 'file:///home/saroj/Documents/toneTag/src/App.js'...
[Info  - 23:03:09.060] Found 0 issue(s)
[Info  - 23:03:27.533] Analyzing file 'file:///home/saroj/Documents/toneTag/src/App.js'...
[Info  - 23:03:27.633] Found 0 issue(s)
[Info  - 23:03:28.534] Analyzing file 'file:///home/saroj/Documents/toneTag/src/App.js'...
[Info  - 23:03:28.665] Found 0 issue(s)
[Info  - 23:03:29.534] Analyzing file 'file:///home/saroj/Documents/toneTag/src/App.js'...
[Info  - 23:03:29.617] Found 0 issue(s)
[Info  - 23:03:40.144] Analyzing file 'file:///home/saroj/Documents/toneTag/src/App.js'...
[Info  - 23:03:40.262] Found 0 issue(s)
[Info  - 23:03:59.160] Analyzing file 'file:///home/saroj/Documents/toneTag/src/App.js'...
[Info  - 23:03:59.254] Found 4 issue(s)
[Info  - 23:04:06.365] Analyzing file 'file:///home/saroj/Documents/toneTag/src/App.js'...
[Info  - 23:04:06.458] Found 6 issue(s)
[Info  - 23:04:10.770] Analyzing file 'file:///home/saroj/Documents/toneTag/src/App.js'...
[Info  - 23:04:10.853] Found 0 issue(s)
[Info  - 23:04:13.235] Analyzing file 'file:///home/saroj/Documents/toneTag/src/App.js'...
[Info  - 23:04:13.321] Found 0 issue(s)
[Info  - 23:04:57.158] Analyzing file 'file:///home/saroj/Documents/toneTag/src/App.js'...
[Info  - 23:04:57.277] Found 0 issue(s)
[Info  - 23:04:57.817] Analyzing file 'file:///home/saroj/Documents/toneTag/src/App.js'...
[Info  - 23:04:57.943] Found 0 issue(s)
[Info  - 23:05:40.871] Analyzing file 'file:///home/saroj/Documents/toneTag/src/App.js'...
[Info  - 23:05:40.959] Found 0 issue(s)
[Info  - 23:05:42.873] Analyzing file 'file:///home/saroj/Documents/toneTag/src/App.js'...
[Info  - 23:05:42.931] Found 0 issue(s)
[Info  - 23:05:43.674] Analyzing file 'file:///home/saroj/Documents/toneTag/src/App.js'...
[Info  - 23:05:43.722] Found 0 issue(s)
[Info  - 23:05:45.075] Analyzing file 'file:///home/saroj/Documents/toneTag/src/App.js'...
[Info  - 23:05:45.135] Found 0 issue(s)
[Info  - 23:05:46.276] Analyzing file 'file:///home/saroj/Documents/toneTag/src/App.js'...
[Info  - 23:05:46.321] Found 0 issue(s)
[Info  - 23:05:47.476] Analyzing file 'file:///home/saroj/Documents/toneTag/src/App.js'...
[Info  - 23:05:47.518] Found 0 issue(s)
[Info  - 23:05:48.277] Analyzing file 'file:///home/saroj/Documents/toneTag/src/App.js'...
[Info  - 23:05:48.374] Found 2 issue(s)
[Info  - 23:05:53.882] Analyzing file 'file:///home/saroj/Documents/toneTag/src/App.js'...
[Info  - 23:05:53.928] Found 0 issue(s)
[Info  - 23:05:55.283] Analyzing file 'file:///home/saroj/Documents/toneTag/src/App.js'...
[Info  - 23:05:55.327] Found 0 issue(s)
[Info  - 23:05:58.085] Analyzing file 'file:///home/saroj/Documents/toneTag/src/App.js'...
[Info  - 23:05:58.173] Found 2 issue(s)
[Info  - 23:06:02.490] Analyzing file 'file:///home/saroj/Documents/toneTag/src/App.js'...
[Info  - 23:06:02.606] Found 2 issue(s)
[Info  - 23:06:04.091] Analyzing file 'file:///home/saroj/Documents/toneTag/src/App.js'...
[Info  - 23:06:04.199] Found 0 issue(s)
[Info  - 23:06:08.496] Analyzing file 'file:///home/saroj/Documents/toneTag/src/App.js'...
[Info  - 23:06:08.577] Found 0 issue(s)
[Info  - 23:06:18.905] Analyzing file 'file:///home/saroj/Documents/toneTag/src/App.js'...
[Info  - 23:06:18.990] Found 0 issue(s)
[Info  - 23:06:20.507] Analyzing file 'file:///home/saroj/Documents/toneTag/src/App.js'...
[Info  - 23:06:20.614] Found 0 issue(s)
[Info  - 23:06:21.708] Analyzing file 'file:///home/saroj/Documents/toneTag/src/App.js'...
[Info  - 23:06:21.797] Found 0 issue(s)
[Info  - 23:06:23.333] Analyzing file 'file:///home/saroj/Documents/toneTag/src/App.js'...
[Info  - 23:06:23.405] Found 0 issue(s)
[Info  - 23:06:23.913] Analyzing file 'file:///home/saroj/Documents/toneTag/src/App.js'...
[Info  - 23:06:23.997] Found 0 issue(s)
[Info  - 23:06:49.342] Analyzing file 'file:///home/saroj/Documents/toneTag/src/App.js'...
[Info  - 23:06:49.428] Found 0 issue(s)
[Info  - 23:06:52.344] Analyzing file 'file:///home/saroj/Documents/toneTag/src/App.js'...
[Info  - 23:06:52.396] Found 0 issue(s)
[Info  - 23:06:54.346] Analyzing file 'file:///home/saroj/Documents/toneTag/src/App.js'...
[Info  - 23:06:54.385] Found 0 issue(s)
[Info  - 23:06:55.146] Analyzing file 'file:///home/saroj/Documents/toneTag/src/App.js'...
[Info  - 23:06:55.256] Found 0 issue(s)
[Info  - 23:06:57.349] Analyzing file 'file:///home/saroj/Documents/toneTag/src/App.js'...
[Info  - 23:06:57.426] Found 0 issue(s)
[Info  - 23:06:58.951] Analyzing file 'file:///home/saroj/Documents/toneTag/src/App.js'...
[Info  - 23:06:59.008] Found 0 issue(s)
[Info  - 23:07:00.351] Analyzing file 'file:///home/saroj/Documents/toneTag/src/App.js'...
[Info  - 23:07:00.445] Found 1 issue(s)
[Info  - 23:07:02.953] Analyzing file 'file:///home/saroj/Documents/toneTag/src/App.js'...
[Info  - 23:07:03.029] Found 1 issue(s)
[Info  - 23:07:03.754] Analyzing file 'file:///home/saroj/Documents/toneTag/src/App.js'...
[Info  - 23:07:03.833] Found 1 issue(s)
[Info  - 23:07:09.559] Analyzing file 'file:///home/saroj/Documents/toneTag/src/App.js'...
[Info  - 23:07:09.658] Found 0 issue(s)
[Info  - 23:07:10.961] Analyzing file 'file:///home/saroj/Documents/toneTag/src/App.js'...
[Info  - 23:07:11.064] Found 0 issue(s)
[Info  - 23:07:12.162] Analyzing file 'file:///home/saroj/Documents/toneTag/src/App.js'...
[Info  - 23:07:12.248] Found 0 issue(s)
[Info  - 23:07:13.563] Analyzing file 'file:///home/saroj/Documents/toneTag/src/App.js'...
[Info  - 23:07:13.648] Found 0 issue(s)
[Info  - 23:07:15.165] Analyzing file 'file:///home/saroj/Documents/toneTag/src/App.js'...
[Info  - 23:07:15.252] Found 0 issue(s)
[Info  - 23:07:16.166] Analyzing file 'file:///home/saroj/Documents/toneTag/src/App.js'...
[Info  - 23:07:16.253] Found 0 issue(s)
[Info  - 23:07:33.634] Analyzing file 'file:///home/saroj/Documents/toneTag/src/App.js'...
[Info  - 23:07:33.728] Found 0 issue(s)
[Info  - 23:07:46.393] Analyzing file 'file:///home/saroj/Documents/toneTag/src/App.js'...
[Info  - 23:07:46.491] Found 0 issue(s)
[Info  - 23:08:29.660] Analyzing file 'file:///home/saroj/Documents/toneTag/src/App.js'...
[Info  - 23:08:29.695] Found 0 issue(s)
[Info  - 23:08:30.661] Analyzing file 'file:///home/saroj/Documents/toneTag/src/App.js'...
[Info  - 23:08:30.753] Found 0 issue(s)
[Info  - 23:08:32.876] Analyzing file 'file:///home/saroj/Documents/toneTag/src/App.js'...
[Info  - 23:08:32.975] Found 0 issue(s)
[Info  - 23:08:33.463] Analyzing file 'file:///home/saroj/Documents/toneTag/src/App.js'...
[Info  - 23:08:33.547] Found 0 issue(s)
[Info  - 23:08:41.271] Analyzing file 'file:///home/saroj/Documents/toneTag/src/App.js'...
[Info  - 23:08:41.349] Found 0 issue(s)
[Info  - 23:08:46.238] Analyzing file 'file:///home/saroj/Documents/toneTag/src/App.js'...
[Info  - 23:08:46.333] Found 0 issue(s)
[Info  - 23:08:46.333] Analyzing file 'file:///home/saroj/Documents/toneTag/src/App.js'...
[Info  - 23:08:46.401] Found 0 issue(s)
[Info  - 23:08:54.082] Analyzing file 'file:///home/saroj/Documents/toneTag/src/App.js'...
[Info  - 23:08:54.165] Found 3 issue(s)
[Info  - 23:08:55.483] Analyzing file 'file:///home/saroj/Documents/toneTag/src/App.js'...
[Info  - 23:08:55.551] Found 0 issue(s)
[Info  - 23:08:57.484] Analyzing file 'file:///home/saroj/Documents/toneTag/src/App.js'...
[Info  - 23:08:57.572] Found 3 issue(s)
[Info  - 23:08:58.685] Analyzing file 'file:///home/saroj/Documents/toneTag/src/App.js'...
[Info  - 23:08:58.786] Found 3 issue(s)
[Info  - 23:08:59.286] Analyzing file 'file:///home/saroj/Documents/toneTag/src/App.js'...
[Info  - 23:08:59.380] Found 3 issue(s)
[Info  - 23:09:00.086] Analyzing file 'file:///home/saroj/Documents/toneTag/src/App.js'...
[Info  - 23:09:00.126] Found 0 issue(s)
[Info  - 23:09:01.087] Analyzing file 'file:///home/saroj/Documents/toneTag/src/App.js'...
[Info  - 23:09:01.177] Found 3 issue(s)
[Info  - 23:09:01.889] Analyzing file 'file:///home/saroj/Documents/toneTag/src/App.js'...
[Info  - 23:09:01.976] Found 3 issue(s)
[Info  - 23:09:03.090] Analyzing file 'file:///home/saroj/Documents/toneTag/src/App.js'...
[Info  - 23:09:03.170] Found 3 issue(s)
[Info  - 23:09:09.099] Analyzing file 'file:///home/saroj/Documents/toneTag/src/App.js'...
[Info  - 23:09:09.173] Found 1 issue(s)
[Info  - 23:09:09.245] Analyzing file 'file:///home/saroj/Documents/toneTag/src/App.js'...
[Info  - 23:09:09.334] Found 1 issue(s)
[Info  - 23:09:09.900] Analyzing file 'file:///home/saroj/Documents/toneTag/src/App.js'...
[Info  - 23:09:09.965] Found 1 issue(s)
[Info  - 23:09:28.117] Analyzing file 'file:///home/saroj/Documents/toneTag/src/App.js'...
[Info  - 23:09:28.161] Found 0 issue(s)
[Info  - 23:09:29.919] Analyzing file 'file:///home/saroj/Documents/toneTag/src/App.js'...
[Info  - 23:09:30.002] Found 3 issue(s)
[Info  - 23:09:31.320] Analyzing file 'file:///home/saroj/Documents/toneTag/src/App.js'...
[Info  - 23:09:31.410] Found 3 issue(s)
[Info  - 23:09:35.123] Analyzing file 'file:///home/saroj/Documents/toneTag/src/App.js'...
[Info  - 23:09:35.169] Found 0 issue(s)
[Info  - 23:09:37.125] Analyzing file 'file:///home/saroj/Documents/toneTag/src/App.js'...
[Info  - 23:09:37.217] Found 3 issue(s)
[Info  - 23:09:37.926] Analyzing file 'file:///home/saroj/Documents/toneTag/src/App.js'...
[Info  - 23:09:38.016] Found 3 issue(s)
[Info  - 23:09:39.327] Analyzing file 'file:///home/saroj/Documents/toneTag/src/App.js'...
[Info  - 23:09:39.419] Found 3 issue(s)
[Info  - 23:09:40.728] Analyzing file 'file:///home/saroj/Documents/toneTag/src/App.js'...
[Info  - 23:09:40.811] Found 3 issue(s)
[Info  - 23:09:42.329] Analyzing file 'file:///home/saroj/Documents/toneTag/src/App.js'...
[Info  - 23:09:42.393] Found 3 issue(s)
[Info  - 23:09:42.929] Analyzing file 'file:///home/saroj/Documents/toneTag/src/App.js'...
[Info  - 23:09:43.014] Found 3 issue(s)
[Info  - 23:09:44.330] Analyzing file 'file:///home/saroj/Documents/toneTag/src/App.js'...
[Info  - 23:09:44.398] Found 3 issue(s)
[Info  - 23:09:45.732] Analyzing file 'file:///home/saroj/Documents/toneTag/src/App.js'...
[Info  - 23:09:45.813] Found 3 issue(s)
[Info  - 23:09:46.733] Analyzing file 'file:///home/saroj/Documents/toneTag/src/App.js'...
[Info  - 23:09:46.807] Found 3 issue(s)
[Info  - 23:09:48.535] Analyzing file 'file:///home/saroj/Documents/toneTag/src/App.js'...
[Info  - 23:09:48.606] Found 1 issue(s)
[Info  - 23:09:48.826] Analyzing file 'file:///home/saroj/Documents/toneTag/src/App.js'...
[Info  - 23:09:48.918] Found 1 issue(s)
[Info  - 23:09:49.285] Analyzing file 'file:///home/saroj/Documents/toneTag/src/App.js'...
[Info  - 23:09:49.350] Found 1 issue(s)
[Info  - 23:09:58.147] Analyzing file 'file:///home/saroj/Documents/toneTag/src/App.js'...
[Info  - 23:09:58.212] Found 3 issue(s)
[Info  - 23:09:58.949] Analyzing file 'file:///home/saroj/Documents/toneTag/src/App.js'...
[Info  - 23:09:59.033] Found 3 issue(s)
[Info  - 23:10:01.751] Analyzing file 'file:///home/saroj/Documents/toneTag/src/App.js'...
[Info  - 23:10:01.828] Found 3 issue(s)
[Info  - 23:10:02.952] Analyzing file 'file:///home/saroj/Documents/toneTag/src/App.js'...
[Info  - 23:10:03.044] Found 3 issue(s)
[Info  - 23:10:03.753] Analyzing file 'file:///home/saroj/Documents/toneTag/src/App.js'...
[Info  - 23:10:03.801] Found 0 issue(s)
[Info  - 23:10:05.154] Analyzing file 'file:///home/saroj/Documents/toneTag/src/App.js'...
[Info  - 23:10:05.239] Found 3 issue(s)
[Info  - 23:10:06.556] Analyzing file 'file:///home/saroj/Documents/toneTag/src/App.js'...
[Info  - 23:10:06.639] Found 3 issue(s)
[Info  - 23:10:07.557] Analyzing file 'file:///home/saroj/Documents/toneTag/src/App.js'...
[Info  - 23:10:07.624] Found 3 issue(s)
[Info  - 23:10:09.359] Analyzing file 'file:///home/saroj/Documents/toneTag/src/App.js'...
[Info  - 23:10:09.433] Found 3 issue(s)
[Info  - 23:10:09.816] Analyzing file 'file:///home/saroj/Documents/toneTag/src/App.js'...
[Info  - 23:10:09.901] Found 1 issue(s)
[Info  - 23:10:10.159] Analyzing file 'file:///home/saroj/Documents/toneTag/src/App.js'...
[Info  - 23:10:10.226] Found 1 issue(s)
[Info  - 23:10:16.330] Analyzing file 'file:///usr/share/code/resources/app/extensions/node_modules/typescript/lib/lib.es5.d.ts'...
[Info  - 23:10:16.375] Analyzing file 'file:///home/saroj/Documents/toneTag/src/App.js'...
[Info  - 23:10:16.438] Found 0 issue(s)
[Info  - 23:10:16.949] Analyzing file 'file:///home/saroj/Documents/toneTag/src/App.js'...
[Info  - 23:10:17.025] Found 0 issue(s)
[Info  - 23:11:32.148] Analyzing file 'file:///home/saroj/Documents/toneTag/src/App.js'...
[Info  - 23:11:32.204] Found 0 issue(s)
[Info  - 23:11:32.474] Analyzing file 'file:///home/saroj/Documents/toneTag/src/App.js'...
[Info  - 23:11:32.563] Found 0 issue(s)
[Info  - 23:13:55.258] Analyzing file 'file:///home/saroj/Documents/toneTag/src/App.js'...
[Info  - 23:13:55.333] Found 0 issue(s)
[Info  - 23:13:55.333] Analyzing file 'file:///home/saroj/Documents/toneTag/src/App.js'...
[Info  - 23:13:55.368] Found 0 issue(s)
[Info  - 23:16:08.207] Analyzing file 'file:///home/saroj/Documents/toneTag/src/CommonModules/Header.js'...
[Info  - 23:16:08.244] Found 0 issue(s)
[Info  - 23:16:10.810] Analyzing file 'file:///home/saroj/Documents/toneTag/src/CommonModules/Header.js'...
[Info  - 23:16:10.867] Found 0 issue(s)
[Info  - 23:21:32.694] Analyzing file 'file:///home/saroj/Documents/toneTag/src/CommonModules/Header.js'...
[Info  - 23:21:32.759] Found 0 issue(s)
[Info  - 23:21:35.296] Analyzing file 'file:///home/saroj/Documents/toneTag/src/CommonModules/Header.js'...
[Info  - 23:21:35.378] Found 0 issue(s)
[Info  - 23:21:36.301] Analyzing file 'file:///home/saroj/Documents/toneTag/src/CommonModules/Header.js'...
[Info  - 23:21:36.368] Found 0 issue(s)
[Info  - 23:21:39.904] Analyzing file 'file:///home/saroj/Documents/toneTag/src/CommonModules/Header.js'...
[Info  - 23:21:39.988] Found 0 issue(s)
[Info  - 23:21:44.307] Analyzing file 'file:///home/saroj/Documents/toneTag/src/CommonModules/Header.js'...
[Info  - 23:21:44.383] Found 0 issue(s)
[Info  - 23:21:46.909] Analyzing file 'file:///home/saroj/Documents/toneTag/src/CommonModules/Header.js'...
[Info  - 23:21:47.045] Found 0 issue(s)
[Info  - 23:22:00.318] Analyzing file 'file:///home/saroj/Documents/toneTag/src/CommonModules/Header.js'...
[Info  - 23:22:00.395] Found 0 issue(s)
[Info  - 23:22:01.128] Analyzing file 'file:///home/saroj/Documents/toneTag/src/CommonModules/Header.js'...
[Info  - 23:22:01.196] Found 0 issue(s)
[Info  - 23:22:02.929] Analyzing file 'file:///home/saroj/Documents/toneTag/src/CommonModules/Header.js'...
[Info  - 23:22:02.994] Found 0 issue(s)
[Info  - 23:22:03.530] Analyzing file 'file:///home/saroj/Documents/toneTag/src/CommonModules/Header.js'...
[Info  - 23:22:03.620] Found 0 issue(s)
[Info  - 23:22:05.732] Analyzing file 'file:///home/saroj/Documents/toneTag/src/CommonModules/Header.js'...
[Info  - 23:22:05.798] Found 0 issue(s)
[Info  - 23:22:07.134] Analyzing file 'file:///home/saroj/Documents/toneTag/src/CommonModules/Header.js'...
[Info  - 23:22:07.193] Found 0 issue(s)
[Info  - 23:22:09.336] Analyzing file 'file:///home/saroj/Documents/toneTag/src/CommonModules/Header.js'...
[Info  - 23:22:09.417] Found 0 issue(s)
[Info  - 23:22:10.137] Analyzing file 'file:///home/saroj/Documents/toneTag/src/CommonModules/Header.js'...
[Info  - 23:22:10.205] Found 0 issue(s)
[Info  - 23:22:10.737] Analyzing file 'file:///home/saroj/Documents/toneTag/src/CommonModules/Header.js'...
[Info  - 23:22:10.828] Found 0 issue(s)
[Info  - 23:22:11.738] Analyzing file 'file:///home/saroj/Documents/toneTag/src/CommonModules/Header.js'...
[Info  - 23:22:11.844] Found 0 issue(s)
[Info  - 23:22:14.140] Analyzing file 'file:///home/saroj/Documents/toneTag/src/CommonModules/Header.js'...
[Info  - 23:22:14.238] Found 0 issue(s)
[Info  - 23:22:17.542] Analyzing file 'file:///home/saroj/Documents/toneTag/src/CommonModules/Header.js'...
[Info  - 23:22:17.608] Found 0 issue(s)
[Info  - 23:22:21.745] Analyzing file 'file:///home/saroj/Documents/toneTag/src/CommonModules/Header.js'...
[Info  - 23:22:21.876] Found 0 issue(s)
[Info  - 23:22:23.547] Analyzing file 'file:///home/saroj/Documents/toneTag/src/CommonModules/Header.js'...
[Info  - 23:22:23.610] Found 0 issue(s)
[Info  - 23:22:24.735] Analyzing file 'file:///home/saroj/Documents/toneTag/src/CommonModules/Header.js'...
[Info  - 23:22:24.843] Found 0 issue(s)
[Info  - 23:23:52.820] Analyzing file 'file:///home/saroj/Documents/toneTag/src/App.js'...
[Info  - 23:23:52.917] Found 0 issue(s)
[Info  - 23:23:55.024] Analyzing file 'file:///home/saroj/Documents/toneTag/src/App.js'...
[Info  - 23:23:55.097] Found 0 issue(s)
[Info  - 23:23:55.824] Analyzing file 'file:///home/saroj/Documents/toneTag/src/App.js'...
[Info  - 23:23:55.926] Found 1 issue(s)
[Info  - 23:23:57.025] Analyzing file 'file:///home/saroj/Documents/toneTag/src/App.js'...
[Info  - 23:23:57.107] Found 1 issue(s)
[Info  - 23:23:59.226] Analyzing file 'file:///home/saroj/Documents/toneTag/src/App.js'...
[Info  - 23:23:59.295] Found 0 issue(s)
[Info  - 23:24:16.239] Analyzing file 'file:///home/saroj/Documents/toneTag/src/App.js'...
[Info  - 23:24:16.326] Found 1 issue(s)
[Info  - 23:24:17.640] Analyzing file 'file:///home/saroj/Documents/toneTag/src/App.js'...
[Info  - 23:24:17.699] Found 0 issue(s)
[Info  - 23:24:18.841] Analyzing file 'file:///home/saroj/Documents/toneTag/src/App.js'...
[Info  - 23:24:18.893] Found 0 issue(s)
[Info  - 23:24:20.442] Analyzing file 'file:///home/saroj/Documents/toneTag/src/App.js'...
[Info  - 23:24:20.473] Found 0 issue(s)
[Info  - 23:24:21.043] Analyzing file 'file:///home/saroj/Documents/toneTag/src/App.js'...
[Info  - 23:24:21.092] Found 0 issue(s)
[Info  - 23:24:22.645] Analyzing file 'file:///home/saroj/Documents/toneTag/src/App.js'...
[Info  - 23:24:22.696] Found 0 issue(s)
[Info  - 23:24:24.046] Analyzing file 'file:///home/saroj/Documents/toneTag/src/App.js'...
[Info  - 23:24:24.099] Found 0 issue(s)
[Info  - 23:24:25.647] Analyzing file 'file:///home/saroj/Documents/toneTag/src/App.js'...
[Info  - 23:24:25.680] Found 0 issue(s)
[Info  - 23:24:26.247] Analyzing file 'file:///home/saroj/Documents/toneTag/src/App.js'...
[Info  - 23:24:26.328] Found 1 issue(s)
[Info  - 23:24:27.648] Analyzing file 'file:///home/saroj/Documents/toneTag/src/App.js'...
[Info  - 23:24:27.747] Found 1 issue(s)
[Info  - 23:24:31.051] Analyzing file 'file:///home/saroj/Documents/toneTag/src/App.js'...
[Info  - 23:24:31.136] Found 1 issue(s)
[Info  - 23:24:32.252] Analyzing file 'file:///home/saroj/Documents/toneTag/src/App.js'...
[Info  - 23:24:32.399] Found 1 issue(s)
[Info  - 23:24:38.657] Analyzing file 'file:///home/saroj/Documents/toneTag/src/App.js'...
[Info  - 23:24:38.738] Found 1 issue(s)
[Info  - 23:24:39.258] Analyzing file 'file:///home/saroj/Documents/toneTag/src/App.js'...
[Info  - 23:24:39.417] Found 1 issue(s)
[Info  - 23:24:41.059] Analyzing file 'file:///home/saroj/Documents/toneTag/src/App.js'...
[Info  - 23:24:41.198] Found 1 issue(s)
[Info  - 23:24:51.867] Analyzing file 'file:///home/saroj/Documents/toneTag/src/App.js'...
[Info  - 23:24:51.936] Found 1 issue(s)
[Info  - 23:25:43.709] Analyzing file 'file:///home/saroj/Documents/toneTag/src/App.js'...
[Info  - 23:25:43.774] Found 0 issue(s)
[Info  - 23:25:44.510] Analyzing file 'file:///home/saroj/Documents/toneTag/src/App.js'...
[Info  - 23:25:44.563] Found 0 issue(s)
[Info  - 23:25:45.911] Analyzing file 'file:///home/saroj/Documents/toneTag/src/App.js'...
[Info  - 23:25:45.950] Found 0 issue(s)
[Info  - 23:25:47.312] Analyzing file 'file:///home/saroj/Documents/toneTag/src/App.js'...
[Info  - 23:25:47.408] Found 0 issue(s)
[Info  - 23:25:48.321] Analyzing file 'file:///home/saroj/Documents/toneTag/src/App.js'...
[Info  - 23:25:48.426] Found 0 issue(s)
[Info  - 23:25:48.914] Analyzing file 'file:///home/saroj/Documents/toneTag/src/App.js'...
[Info  - 23:25:49.058] Found 0 issue(s)
[Info  - 23:26:34.153] Analyzing file 'file:///home/saroj/Documents/toneTag/src/App.js'...
[Info  - 23:26:34.216] Found 0 issue(s)
[Info  - 23:26:35.354] Analyzing file 'file:///home/saroj/Documents/toneTag/src/App.js'...
[Info  - 23:26:35.434] Found 0 issue(s)
[Info  - 23:26:36.955] Analyzing file 'file:///home/saroj/Documents/toneTag/src/App.js'...
[Info  - 23:26:37.052] Found 0 issue(s)
[Info  - 23:26:37.956] Analyzing file 'file:///home/saroj/Documents/toneTag/src/App.js'...
[Info  - 23:26:38.050] Found 0 issue(s)
[Info  - 23:26:41.359] Analyzing file 'file:///home/saroj/Documents/toneTag/src/App.js'...
[Info  - 23:26:41.440] Found 0 issue(s)
[Info  - 23:26:44.561] Analyzing file 'file:///home/saroj/Documents/toneTag/src/App.js'...
[Info  - 23:26:44.600] Found 0 issue(s)
[Info  - 23:26:45.564] Analyzing file 'file:///home/saroj/Documents/toneTag/src/App.js'...
[Info  - 23:26:45.624] Found 0 issue(s)
[Info  - 23:26:46.565] Analyzing file 'file:///home/saroj/Documents/toneTag/src/App.js'...
[Info  - 23:26:46.645] Found 0 issue(s)
[Info  - 23:26:48.967] Analyzing file 'file:///home/saroj/Documents/toneTag/src/App.js'...
[Info  - 23:26:49.055] Found 0 issue(s)
[Info  - 23:26:49.568] Analyzing file 'file:///home/saroj/Documents/toneTag/src/App.js'...
[Info  - 23:26:49.659] Found 0 issue(s)
[Info  - 23:26:51.169] Analyzing file 'file:///home/saroj/Documents/toneTag/src/App.js'...
[Info  - 23:26:51.255] Found 0 issue(s)
[Info  - 23:26:52.171] Analyzing file 'file:///home/saroj/Documents/toneTag/src/App.js'...
[Info  - 23:26:52.237] Found 0 issue(s)
[Info  - 23:26:52.411] Analyzing file 'file:///home/saroj/Documents/toneTag/src/App.js'...
[Info  - 23:26:52.523] Found 0 issue(s)
[Info  - 23:26:52.974] Analyzing file 'file:///home/saroj/Documents/toneTag/src/App.js'...
[Info  - 23:26:53.097] Found 0 issue(s)
[Info  - 23:30:06.930] Analyzing file 'file:///home/saroj/Documents/toneTag/src/App.js'...
[Info  - 23:30:06.986] Found 0 issue(s)
[Info  - 23:30:13.336] Analyzing file 'file:///home/saroj/Documents/toneTag/src/App.js'...
[Info  - 23:30:13.372] Found 0 issue(s)
[Info  - 23:30:17.742] Analyzing file 'file:///home/saroj/Documents/toneTag/src/App.js'...
[Info  - 23:30:17.834] Found 0 issue(s)
[Info  - 23:30:23.948] Analyzing file 'file:///home/saroj/Documents/toneTag/src/App.js'...
[Info  - 23:30:24.017] Found 0 issue(s)
[Info  - 23:30:27.951] Analyzing file 'file:///home/saroj/Documents/toneTag/src/App.js'...
[Info  - 23:30:28.058] Found 0 issue(s)
[Info  - 23:30:28.752] Analyzing file 'file:///home/saroj/Documents/toneTag/src/App.js'...
[Info  - 23:30:28.842] Found 0 issue(s)
[Info  - 23:30:29.352] Analyzing file 'file:///home/saroj/Documents/toneTag/src/App.js'...
[Info  - 23:30:29.449] Found 1 issue(s)
[Info  - 23:30:31.553] Analyzing file 'file:///home/saroj/Documents/toneTag/src/App.js'...
[Info  - 23:30:31.645] Found 1 issue(s)
[Info  - 23:30:32.354] Analyzing file 'file:///home/saroj/Documents/toneTag/src/App.js'...
[Info  - 23:30:32.427] Found 0 issue(s)
[Info  - 23:30:36.083] Analyzing file 'file:///home/saroj/Documents/toneTag/src/App.js'...
[Info  - 23:30:36.188] Found 0 issue(s)
[Info  - 23:30:36.761] Analyzing file 'file:///home/saroj/Documents/toneTag/src/App.js'...
[Info  - 23:30:36.849] Found 0 issue(s)
[Info  - 23:31:34.626] Analyzing file 'file:///home/saroj/Documents/toneTag/src/CommonModules/Header.js'...
[Info  - 23:31:34.684] Found 0 issue(s)
[Info  - 23:31:38.229] Analyzing file 'file:///home/saroj/Documents/toneTag/src/CommonModules/Header.js'...
[Info  - 23:31:38.298] Found 0 issue(s)
[Info  - 23:31:39.830] Analyzing file 'file:///home/saroj/Documents/toneTag/src/CommonModules/Header.js'...
[Info  - 23:31:39.904] Found 0 issue(s)
[Info  - 23:31:41.833] Analyzing file 'file:///home/saroj/Documents/toneTag/src/CommonModules/Header.js'...
[Info  - 23:31:41.900] Found 0 issue(s)
[Info  - 23:31:43.033] Analyzing file 'file:///home/saroj/Documents/toneTag/src/CommonModules/Header.js'...
[Info  - 23:31:43.082] Found 0 issue(s)
[Info  - 23:31:43.834] Analyzing file 'file:///home/saroj/Documents/toneTag/src/CommonModules/Header.js'...
[Info  - 23:31:43.909] Found 0 issue(s)
[Info  - 23:31:46.036] Analyzing file 'file:///home/saroj/Documents/toneTag/src/CommonModules/Header.js'...
[Info  - 23:31:46.091] Found 0 issue(s)
[Info  - 23:31:47.237] Analyzing file 'file:///home/saroj/Documents/toneTag/src/CommonModules/Header.js'...
[Info  - 23:31:47.287] Found 0 issue(s)
[Info  - 23:31:47.837] Analyzing file 'file:///home/saroj/Documents/toneTag/src/CommonModules/Header.js'...
[Info  - 23:31:47.907] Found 0 issue(s)
[Info  - 23:32:00.051] Analyzing file 'file:///home/saroj/Documents/toneTag/src/CommonModules/Header.js'...
[Info  - 23:32:00.115] Found 0 issue(s)
[Info  - 23:32:01.454] Analyzing file 'file:///home/saroj/Documents/toneTag/src/CommonModules/Header.js'...
[Info  - 23:32:01.523] Found 0 issue(s)
[Info  - 23:32:11.860] Analyzing file 'file:///home/saroj/Documents/toneTag/src/CommonModules/Header.js'...
[Info  - 23:32:11.932] Found 0 issue(s)
[Info  - 23:32:12.861] Analyzing file 'file:///home/saroj/Documents/toneTag/src/CommonModules/Header.js'...
[Info  - 23:32:12.991] Found 0 issue(s)
[Info  - 23:32:15.263] Analyzing file 'file:///home/saroj/Documents/toneTag/src/CommonModules/Header.js'...
[Info  - 23:32:15.378] Found 0 issue(s)
[Info  - 23:32:15.428] Analyzing file 'file:///home/saroj/Documents/toneTag/src/CommonModules/Header.js'...
[Info  - 23:32:15.511] Found 0 issue(s)
[Info  - 23:32:16.064] Analyzing file 'file:///home/saroj/Documents/toneTag/src/CommonModules/Header.js'...
[Info  - 23:32:16.143] Found 0 issue(s)
[Info  - 23:32:22.669] Analyzing file 'file:///home/saroj/Documents/toneTag/src/CommonModules/Header.js'...
[Info  - 23:32:22.749] Found 0 issue(s)
[Info  - 23:32:24.670] Analyzing file 'file:///home/saroj/Documents/toneTag/src/CommonModules/Header.js'...
[Info  - 23:32:24.738] Found 0 issue(s)
[Info  - 23:32:26.478] Analyzing file 'file:///home/saroj/Documents/toneTag/src/CommonModules/Header.js'...
[Info  - 23:32:26.577] Found 0 issue(s)
[Info  - 23:32:27.278] Analyzing file 'file:///home/saroj/Documents/toneTag/src/CommonModules/Header.js'...
[Info  - 23:32:27.342] Found 0 issue(s)
[Info  - 23:32:28.881] Analyzing file 'file:///home/saroj/Documents/toneTag/src/CommonModules/Header.js'...
[Info  - 23:32:29.003] Found 0 issue(s)
[Info  - 23:32:29.004] Analyzing file 'file:///home/saroj/Documents/toneTag/src/CommonModules/Header.js'...
[Info  - 23:32:29.086] Found 0 issue(s)
[Info  - 23:33:23.924] Analyzing file 'file:///home/saroj/Documents/toneTag/src/CommonModules/Header.js'...
[Info  - 23:33:23.994] Found 0 issue(s)
[Info  - 23:33:34.731] Analyzing file 'file:///home/saroj/Documents/toneTag/src/CommonModules/Header.js'...
[Info  - 23:33:34.853] Found 0 issue(s)
[Info  - 23:33:41.137] Analyzing file 'file:///home/saroj/Documents/toneTag/src/CommonModules/Header.js'...
[Info  - 23:33:41.215] Found 0 issue(s)
[Info  - 23:33:44.743] Analyzing file 'file:///home/saroj/Documents/toneTag/src/CommonModules/Header.js'...
[Info  - 23:33:44.791] Found 0 issue(s)
[Info  - 23:33:54.353] Analyzing file 'file:///home/saroj/Documents/toneTag/src/CommonModules/Header.js'...
[Info  - 23:33:54.387] Found 0 issue(s)
[Info  - 23:33:57.957] Analyzing file 'file:///home/saroj/Documents/toneTag/src/CommonModules/Header.js'...
[Info  - 23:33:58.024] Found 0 issue(s)
[Info  - 23:34:44.916] Analyzing file 'file:///home/saroj/.cache/typescript/3.9/node_modules/%40types/react-native/index.d.ts'...
[Info  - 23:34:50.303] Analyzing file 'file:///home/saroj/Documents/toneTag/src/CommonModules/Header.js'...
[Info  - 23:34:50.381] Found 1 issue(s)
[Info  - 23:34:50.799] Analyzing file 'file:///home/saroj/Documents/toneTag/src/CommonModules/Header.js'...
[Info  - 23:34:50.895] Found 1 issue(s)
[Info  - 23:34:57.605] Analyzing file 'file:///home/saroj/Documents/toneTag/src/CommonModules/Header.js'...
[Info  - 23:34:57.672] Found 1 issue(s)
[Info  - 23:34:58.950] Analyzing file 'file:///home/saroj/Documents/toneTag/src/CommonModules/Header.js'...
[Info  - 23:34:59.016] Found 0 issue(s)
[Info  - 23:34:59.607] Analyzing file 'file:///home/saroj/Documents/toneTag/src/CommonModules/Header.js'...
[Info  - 23:34:59.658] Found 0 issue(s)
[Info  - 23:41:32.318] Analyzing file 'file:///home/saroj/Documents/toneTag/src/App.js'...
[Info  - 23:41:32.408] Found 0 issue(s)
[Info  - 23:41:33.320] Analyzing file 'file:///home/saroj/Documents/toneTag/src/App.js'...
[Info  - 23:41:33.410] Found 0 issue(s)
[Info  - 23:41:51.938] Analyzing file 'file:///home/saroj/Documents/toneTag/src/App.js'...
[Info  - 23:41:52.030] Found 0 issue(s)
[Info  - 23:42:22.971] Analyzing file 'file:///home/saroj/Documents/toneTag/src/App.js'...
[Info  - 23:42:23.068] Found 0 issue(s)
[Info  - 23:42:24.372] Analyzing file 'file:///home/saroj/Documents/toneTag/src/App.js'...
[Info  - 23:42:24.497] Found 0 issue(s)
[Info  - 23:42:41.589] Analyzing file 'file:///home/saroj/Documents/toneTag/src/App.js'...
[Info  - 23:42:41.652] Found 0 issue(s)
[Info  - 23:54:22.117] Analyzing file 'file:///home/saroj/Documents/toneTag/src/App.js'...
[Info  - 23:54:22.143] Found 0 issue(s)
[Info  - 23:54:23.520] Analyzing file 'file:///home/saroj/Documents/toneTag/src/App.js'...
[Info  - 23:54:23.557] Found 0 issue(s)
[Info  - 23:54:24.120] Analyzing file 'file:///home/saroj/Documents/toneTag/src/App.js'...
[Info  - 23:54:24.159] Found 0 issue(s)
[Info  - 23:54:25.321] Analyzing file 'file:///home/saroj/Documents/toneTag/src/App.js'...
[Info  - 23:54:25.584] Found 0 issue(s)
[Info  - 23:54:25.584] Analyzing file 'file:///home/saroj/Documents/toneTag/src/App.js'...
[Info  - 23:54:25.757] Found 0 issue(s)
[Info  - 23:54:26.122] Analyzing file 'file:///home/saroj/Documents/toneTag/src/App.js'...
[Info  - 23:54:26.247] Found 0 issue(s)
