[Info  - 22:07:23.218] Analyzing file 'file:///home/saroj/Documents/toneTag/src/App.js'...
[Info  - 22:09:08.671] Found 1 issue(s)
[Info  - 22:22:38.568] Analyzing file 'file:///home/saroj/Documents/toneTag/src/App.js'...
[Info  - 22:22:39.119] Found 1 issue(s)
[Info  - 22:22:39.368] Analyzing file 'file:///home/saroj/Documents/toneTag/src/App.js'...
[Info  - 22:22:39.730] Found 3 issue(s)
[Info  - 22:22:41.220] Analyzing file 'file:///home/saroj/Documents/toneTag/node_modules/react-native-tab-view/lib/typescript/src/index.d.ts'...
[Info  - 22:23:15.398] Analyzing file 'file:///home/saroj/Documents/toneTag/src/App.js'...
[Info  - 22:23:15.749] Found 3 issue(s)
[Info  - 22:23:16.198] Analyzing file 'file:///home/saroj/Documents/toneTag/src/App.js'...
[Info  - 22:23:16.454] Found 2 issue(s)
[Info  - 22:23:34.416] Analyzing file 'file:///home/saroj/Documents/toneTag/src/App.js'...
[Info  - 22:23:34.669] Found 2 issue(s)
[Info  - 22:23:35.416] Analyzing file 'file:///home/saroj/Documents/toneTag/src/App.js'...
[Info  - 22:23:35.769] Found 2 issue(s)
[Info  - 22:23:53.439] Analyzing file 'file:///home/saroj/Documents/toneTag/src/App.js'...
[Info  - 22:23:53.552] Found 0 issue(s)
[Info  - 22:23:54.841] Analyzing file 'file:///home/saroj/Documents/toneTag/src/App.js'...
[Info  - 22:23:54.931] Found 0 issue(s)
[Info  - 22:24:02.649] Analyzing file 'file:///home/saroj/Documents/toneTag/src/App.js'...
[Info  - 22:24:02.883] Found 2 issue(s)
[Info  - 22:24:07.452] Analyzing file 'file:///home/saroj/Documents/toneTag/src/App.js'...
[Info  - 22:24:07.666] Found 2 issue(s)
[Info  - 22:24:08.253] Analyzing file 'file:///home/saroj/Documents/toneTag/src/App.js'...
[Info  - 22:24:08.553] Found 1 issue(s)
[Info  - 22:25:22.322] Analyzing file 'file:///home/saroj/Documents/toneTag/src/App.js'...
[Info  - 22:25:22.401] Found 0 issue(s)
[Info  - 22:25:43.352] Analyzing file 'file:///home/saroj/Documents/toneTag/src/App.js'...
[Info  - 22:25:43.543] Found 1 issue(s)
[Info  - 22:36:21.573] Analyzing file 'file:///home/saroj/Documents/toneTag/src/CommonModules/TabView.js'...
[Info  - 22:36:21.752] Found 0 issue(s)
[Info  - 22:36:46.561] Analyzing file 'file:///home/saroj/Documents/toneTag/node_modules/react-native-tab-view/lib/typescript/src/TabView.d.ts'...
[Info  - 22:36:46.711] Analyzing file 'file:///home/saroj/Documents/toneTag/src/CommonModules/TabView.js'...
[Info  - 22:36:47.000] Found 0 issue(s)
[Info  - 22:36:47.629] Analyzing file 'file:///home/saroj/Documents/toneTag/node_modules/react-native-tab-view/lib/typescript/src/TabView.d.ts'...
[Info  - 22:36:48.236] Analyzing file 'file:///home/saroj/Documents/toneTag/node_modules/react-native-tab-view/lib/typescript/src/TabView.d.ts'...
[Info  - 22:36:48.285] Analyzing file 'file:///home/saroj/Documents/toneTag/src/CommonModules/TabView.js'...
[Info  - 22:36:48.403] Found 0 issue(s)
[Info  - 22:37:42.004] Analyzing file 'file:///home/saroj/Documents/toneTag/src/App.js'...
[Info  - 22:37:42.343] Found 1 issue(s)
[Info  - 22:37:48.208] Analyzing file 'file:///home/saroj/Documents/toneTag/src/App.js'...
[Info  - 22:37:48.444] Found 1 issue(s)
[Info  - 22:37:48.809] Analyzing file 'file:///home/saroj/Documents/toneTag/src/App.js'...
[Info  - 22:37:49.054] Found 1 issue(s)
[Info  - 22:37:49.689] Analyzing file 'file:///home/saroj/Documents/toneTag/src/App.js'...
[Info  - 22:37:49.935] Found 1 issue(s)
[Info  - 22:37:50.211] Analyzing file 'file:///home/saroj/Documents/toneTag/src/App.js'...
[Info  - 22:37:50.494] Found 1 issue(s)
[Info  - 22:38:11.226] Analyzing file 'file:///home/saroj/Documents/toneTag/src/App.js'...
[Info  - 22:38:11.474] Found 1 issue(s)
[Info  - 22:38:12.234] Analyzing file 'file:///home/saroj/Documents/toneTag/src/App.js'...
[Info  - 22:38:12.374] Found 0 issue(s)
[Info  - 22:38:13.635] Analyzing file 'file:///home/saroj/Documents/toneTag/src/App.js'...
[Info  - 22:38:13.910] Found 0 issue(s)
[Info  - 22:38:16.238] Analyzing file 'file:///home/saroj/Documents/toneTag/src/App.js'...
[Info  - 22:38:16.344] Found 0 issue(s)
[Info  - 22:38:18.639] Analyzing file 'file:///home/saroj/Documents/toneTag/src/App.js'...
[Info  - 22:38:18.725] Found 0 issue(s)
[Info  - 22:38:21.642] Analyzing file 'file:///home/saroj/Documents/toneTag/src/App.js'...
[Info  - 22:38:21.834] Found 1 issue(s)
[Info  - 22:38:28.049] Analyzing file 'file:///home/saroj/Documents/toneTag/src/App.js'...
[Info  - 22:38:28.114] Found 0 issue(s)
[Info  - 22:38:29.450] Analyzing file 'file:///home/saroj/Documents/toneTag/src/App.js'...
[Info  - 22:38:29.577] Found 0 issue(s)
[Info  - 22:38:30.853] Analyzing file 'file:///home/saroj/Documents/toneTag/src/App.js'...
[Info  - 22:38:30.918] Found 0 issue(s)
[Info  - 22:38:31.854] Analyzing file 'file:///home/saroj/Documents/toneTag/src/App.js'...
[Info  - 22:38:31.904] Found 0 issue(s)
[Info  - 22:38:32.656] Analyzing file 'file:///home/saroj/Documents/toneTag/src/App.js'...
[Info  - 22:38:32.720] Found 0 issue(s)
[Info  - 22:38:34.256] Analyzing file 'file:///home/saroj/Documents/toneTag/src/App.js'...
[Info  - 22:38:34.504] Found 1 issue(s)
[Info  - 22:38:37.658] Analyzing file 'file:///home/saroj/Documents/toneTag/src/App.js'...
[Info  - 22:38:37.861] Found 1 issue(s)
[Info  - 22:38:39.259] Analyzing file 'file:///home/saroj/Documents/toneTag/src/App.js'...
[Info  - 22:38:39.488] Found 1 issue(s)
[Info  - 22:38:40.060] Analyzing file 'file:///home/saroj/Documents/toneTag/src/App.js'...
[Info  - 22:38:40.277] Found 1 issue(s)
[Info  - 22:38:41.461] Analyzing file 'file:///home/saroj/Documents/toneTag/src/App.js'...
[Info  - 22:38:41.678] Found 1 issue(s)
[Info  - 22:38:43.070] Analyzing file 'file:///home/saroj/Documents/toneTag/src/App.js'...
[Info  - 22:38:43.254] Found 1 issue(s)
[Info  - 22:38:45.694] Analyzing file 'file:///home/saroj/Documents/toneTag/src/App.js'...
[Info  - 22:38:45.911] Found 1 issue(s)
[Info  - 22:38:46.272] Analyzing file 'file:///home/saroj/Documents/toneTag/src/App.js'...
[Info  - 22:38:46.456] Found 1 issue(s)
[Info  - 22:39:05.701] Analyzing file 'file:///home/saroj/.cache/typescript/3.9/node_modules/%40types/react-native/index.d.ts'...
[Info  - 22:39:13.273] Analyzing file 'file:///home/saroj/.cache/typescript/3.9/node_modules/%40types/react-native/index.d.ts'...
[Info  - 22:39:15.113] Analyzing file 'file:///home/saroj/.cache/typescript/3.9/node_modules/%40types/react-native/index.d.ts'...
[Info  - 22:39:15.985] Analyzing file 'file:///home/saroj/.cache/typescript/3.9/node_modules/%40types/react-native/index.d.ts'...
[Info  - 22:39:16.233] Analyzing file 'file:///home/saroj/.cache/typescript/3.9/node_modules/%40types/react-native/index.d.ts'...
[Info  - 22:39:59.933] Analyzing file 'file:///home/saroj/Documents/toneTag/src/App.js'...
[Info  - 22:40:00.411] Found 2 issue(s)
[Info  - 22:40:07.138] Analyzing file 'file:///home/saroj/Documents/toneTag/src/App.js'...
[Info  - 22:40:07.325] Found 7 issue(s)
[Info  - 22:40:07.326] Analyzing file 'file:///home/saroj/Documents/toneTag/src/App.js'...
[Info  - 22:40:07.514] Found 7 issue(s)
[Info  - 22:40:18.947] Analyzing file 'file:///home/saroj/Documents/toneTag/src/App.js'...
[Info  - 22:40:19.145] Found 2 issue(s)
[Info  - 22:40:19.701] Analyzing file 'file:///home/saroj/Documents/toneTag/src/App.js'...
[Info  - 22:40:19.939] Found 2 issue(s)
[Info  - 22:40:36.116] Analyzing file 'file:///home/saroj/Documents/toneTag/src/App.js'...
[Info  - 22:40:36.315] Found 1 issue(s)
[Info  - 22:40:36.316] Analyzing file 'file:///home/saroj/Documents/toneTag/src/App.js'...
[Info  - 22:40:36.514] Found 1 issue(s)
[Info  - 22:40:46.366] Analyzing file 'file:///home/saroj/Documents/toneTag/src/App.js'...
[Info  - 22:40:46.452] Found 0 issue(s)
[Info  - 22:40:48.771] Analyzing file 'file:///home/saroj/Documents/toneTag/src/App.js'...
[Info  - 22:40:48.975] Found 1 issue(s)
[Info  - 22:40:49.276] Analyzing file 'file:///home/saroj/Documents/toneTag/src/App.js'...
[Info  - 22:40:49.550] Found 1 issue(s)
[Info  - 22:40:49.772] Analyzing file 'file:///home/saroj/Documents/toneTag/src/App.js'...
[Info  - 22:40:49.958] Found 1 issue(s)
[Info  - 22:41:03.782] Analyzing file 'file:///home/saroj/Documents/toneTag/src/App.js'...
[Info  - 22:41:04.042] Found 1 issue(s)
[Info  - 22:41:05.584] Analyzing file 'file:///home/saroj/Documents/toneTag/src/App.js'...
[Info  - 22:41:05.819] Found 1 issue(s)
[Info  - 22:41:06.060] Analyzing file 'file:///home/saroj/Documents/toneTag/src/App.js'...
[Info  - 22:41:06.291] Found 1 issue(s)
[Info  - 22:41:06.587] Analyzing file 'file:///home/saroj/Documents/toneTag/src/App.js'...
[Info  - 22:41:06.820] Found 1 issue(s)
[Info  - 22:41:46.216] Analyzing file 'file:///home/saroj/Documents/toneTag/src/App.js'...
[Info  - 22:41:46.460] Found 2 issue(s)
[Info  - 22:41:46.839] Analyzing file 'file:///home/saroj/Documents/toneTag/src/App.js'...
[Info  - 22:41:47.087] Found 2 issue(s)
[Info  - 22:41:54.822] Analyzing file 'file:///home/saroj/Documents/toneTag/src/App.js'...
[Info  - 22:41:55.016] Found 1 issue(s)
[Info  - 22:41:59.172] Analyzing file 'file:///home/saroj/Documents/toneTag/src/App.js'...
[Info  - 22:41:59.459] Found 7 issue(s)
[Info  - 22:41:59.460] Analyzing file 'file:///home/saroj/Documents/toneTag/src/App.js'...
[Info  - 22:41:59.971] Found 7 issue(s)
[Info  - 22:43:02.420] Analyzing file 'file:///home/saroj/Documents/toneTag/src/Main.js'...
[Info  - 22:43:02.501] Found 0 issue(s)
[Info  - 22:43:13.283] Analyzing file 'file:///home/saroj/Documents/toneTag/src/App.js'...
[Info  - 22:43:13.688] Found 1 issue(s)
[Info  - 22:43:16.378] Analyzing file 'file:///home/saroj/Documents/toneTag/src/App.js'...
[Info  - 22:43:16.644] Found 2 issue(s)
[Info  - 22:43:16.645] Analyzing file 'file:///home/saroj/Documents/toneTag/src/App.js'...
[Info  - 22:43:17.019] Found 2 issue(s)
[Info  - 22:43:51.863] Analyzing file 'file:///home/saroj/Documents/toneTag/src/Main.js'...
[Info  - 22:43:52.083] Found 2 issue(s)
[Info  - 22:43:52.084] Analyzing file 'file:///home/saroj/Documents/toneTag/src/Main.js'...
[Info  - 22:43:52.283] Found 2 issue(s)
[Info  - 22:44:01.534] Analyzing file 'file:///home/saroj/Documents/toneTag/src/Main.js'...
[Info  - 22:44:01.702] Found 1 issue(s)
[Info  - 22:44:04.137] Analyzing file 'file:///home/saroj/Documents/toneTag/src/Main.js'...
[Info  - 22:44:04.325] Found 1 issue(s)
[Info  - 22:44:13.343] Analyzing file 'file:///home/saroj/Documents/toneTag/src/Main.js'...
[Info  - 22:44:13.551] Found 1 issue(s)
[Info  - 22:44:20.748] Analyzing file 'file:///home/saroj/Documents/toneTag/src/Main.js'...
[Info  - 22:44:21.449] Found 1 issue(s)
[Info  - 22:44:21.450] Analyzing file 'file:///home/saroj/Documents/toneTag/src/Main.js'...
[Info  - 22:44:21.632] Found 1 issue(s)
[Info  - 22:44:37.807] Analyzing file 'file:///home/saroj/Documents/toneTag/src/App.js'...
[Info  - 22:44:38.044] Found 8 issue(s)
[Info  - 22:44:39.609] Analyzing file 'file:///home/saroj/Documents/toneTag/src/App.js'...
[Info  - 22:44:39.780] Found 7 issue(s)
[Info  - 22:44:44.015] Analyzing file 'file:///home/saroj/Documents/toneTag/src/App.js'...
[Info  - 22:44:44.222] Found 3 issue(s)
[Info  - 22:44:44.815] Analyzing file 'file:///home/saroj/Documents/toneTag/src/App.js'...
[Info  - 22:44:44.976] Found 3 issue(s)
[Info  - 22:44:46.103] Analyzing file 'file:///home/saroj/Documents/toneTag/src/App.js'...
[Info  - 22:44:46.274] Found 3 issue(s)
[Info  - 22:45:10.233] Analyzing file 'file:///home/saroj/Documents/toneTag/src/App.js'...
[Info  - 22:45:10.352] Found 11 issue(s)
[Info  - 22:45:12.435] Analyzing file 'file:///home/saroj/Documents/toneTag/src/App.js'...
[Info  - 22:45:12.588] Found 11 issue(s)
[Info  - 22:45:15.036] Analyzing file 'file:///home/saroj/Documents/toneTag/src/App.js'...
[Info  - 22:45:15.166] Found 2 issue(s)
[Info  - 22:45:16.692] Analyzing file 'file:///home/saroj/Documents/toneTag/src/App.js'...
[Info  - 22:45:16.797] Found 2 issue(s)
[Info  - 22:45:27.846] Analyzing file 'file:///home/saroj/Documents/toneTag/src/App.js'...
[Info  - 22:45:27.942] Found 2 issue(s)
[Info  - 22:45:30.448] Analyzing file 'file:///home/saroj/Documents/toneTag/src/App.js'...
[Info  - 22:45:30.597] Found 0 issue(s)
[Info  - 22:45:32.731] Analyzing file 'file:///home/saroj/Documents/toneTag/src/App.js'...
[Info  - 22:45:32.830] Found 0 issue(s)
[Info  - 22:46:14.681] Analyzing file 'file:///home/saroj/Documents/toneTag/src/Main.js'...
[Info  - 22:46:14.874] Found 4 issue(s)
[Info  - 22:46:15.880] Analyzing file 'file:///home/saroj/Documents/toneTag/src/Main.js'...
[Info  - 22:46:16.044] Found 4 issue(s)
[Info  - 22:46:21.085] Analyzing file 'file:///home/saroj/Documents/toneTag/src/App.js'...
[Info  - 22:46:21.203] Found 0 issue(s)
[Info  - 22:46:22.086] Analyzing file 'file:///home/saroj/Documents/toneTag/src/App.js'...
[Info  - 22:46:22.207] Found 0 issue(s)
[Info  - 22:46:24.288] Analyzing file 'file:///home/saroj/Documents/toneTag/src/App.js'...
[Info  - 22:46:24.412] Found 0 issue(s)
[Info  - 22:46:25.289] Analyzing file 'file:///home/saroj/Documents/toneTag/src/App.js'...
[Info  - 22:46:25.468] Found 2 issue(s)
[Info  - 22:46:33.496] Analyzing file 'file:///home/saroj/Documents/toneTag/src/App.js'...
[Info  - 22:46:33.654] Found 3 issue(s)
[Info  - 22:46:35.697] Analyzing file 'file:///home/saroj/Documents/toneTag/src/App.js'...
[Info  - 22:46:35.834] Found 2 issue(s)
[Info  - 22:46:43.038] Analyzing file 'file:///home/saroj/Documents/toneTag/src/App.js'...
[Info  - 22:46:43.323] Found 2 issue(s)
[Info  - 22:46:58.951] Analyzing file 'file:///home/saroj/Documents/toneTag/src/CommonModules/ProductHorizontal.js'...
[Info  - 22:46:59.120] Analyzing file 'file:///home/saroj/Documents/toneTag/src/CommonModules/ProductHorizontal.js'...
[Info  - 22:47:51.169] Analyzing file 'file:///home/saroj/Documents/toneTag/src/App.js'...
[Info  - 22:47:51.365] Found 1 issue(s)
[Info  - 22:47:52.708] Analyzing file 'file:///home/saroj/Documents/toneTag/src/App.js'...
[Info  - 22:47:52.969] Found 1 issue(s)
[Info  - 22:48:09.815] Analyzing file 'file:///home/saroj/Documents/toneTag/src/App.js'...
[Info  - 22:48:09.991] Found 2 issue(s)
[Info  - 22:48:10.186] Analyzing file 'file:///home/saroj/Documents/toneTag/src/App.js'...
[Info  - 22:48:10.406] Found 2 issue(s)
[Info  - 22:48:23.595] Analyzing file 'file:///home/saroj/Documents/toneTag/src/App.js'...
[Info  - 22:48:23.837] Found 1 issue(s)
[Info  - 22:48:24.395] Analyzing file 'file:///home/saroj/Documents/toneTag/src/App.js'...
[Info  - 22:48:24.557] Found 1 issue(s)
[Info  - 22:48:25.104] Analyzing file 'file:///home/saroj/Documents/toneTag/src/App.js'...
[Info  - 22:48:25.318] Found 1 issue(s)
[Info  - 22:48:27.798] Analyzing file 'file:///home/saroj/Documents/toneTag/src/App.js'...
[Info  - 22:48:27.970] Found 1 issue(s)
[Info  - 22:48:28.291] Analyzing file 'file:///home/saroj/Documents/toneTag/src/App.js'...
[Info  - 22:48:28.493] Found 1 issue(s)
[Info  - 22:51:10.734] Analyzing file 'file:///home/saroj/Documents/toneTag/src/App.js'...
[Info  - 22:51:10.941] Found 1 issue(s)
[Info  - 22:51:12.414] Analyzing file 'file:///home/saroj/Documents/toneTag/src/App.js'...
[Info  - 22:51:12.628] Found 1 issue(s)
[Info  - 22:54:33.619] Analyzing file 'file:///home/saroj/Documents/toneTag/src/HelperMethod/dummyData.js'...
[Info  - 22:54:33.984] Analyzing file 'file:///home/saroj/Documents/toneTag/src/CommonModules/ProductHorizontal.js'...
[Info  - 22:54:34.651] Analyzing file 'file:///home/saroj/Documents/toneTag/src/CommonModules/ProductHorizontal.js'...
[Info  - 22:54:34.751] Found 0 issue(s)
[Info  - 22:54:44.925] Analyzing file 'file:///home/saroj/Documents/toneTag/src/CommonModules/ProductHorizontal.js'...
[Info  - 22:54:45.033] Found 0 issue(s)
[Info  - 22:54:47.504] Analyzing file 'file:///home/saroj/Documents/toneTag/src/CommonModules/ProductHorizontal.js'...
[Info  - 22:54:47.597] Found 0 issue(s)
[Info  - 22:54:47.598] Analyzing file 'file:///home/saroj/Documents/toneTag/src/CommonModules/ProductHorizontal.js'...
[Info  - 22:54:47.680] Found 0 issue(s)
[Info  - 22:54:57.874] Analyzing file 'file:///home/saroj/Documents/toneTag/src/CommonModules/Header.js'...
[Info  - 22:54:58.116] Found 0 issue(s)
[Info  - 22:55:03.881] Analyzing file 'file:///home/saroj/Documents/toneTag/src/CommonModules/Header.js'...
[Info  - 22:55:03.996] Found 0 issue(s)
[Info  - 22:55:04.139] Analyzing file 'file:///home/saroj/Documents/toneTag/src/CommonModules/Header.js'...
[Info  - 22:55:04.242] Found 0 issue(s)
[Info  - 22:56:47.044] Analyzing file 'file:///home/saroj/Documents/toneTag/src/App.js'...
[Info  - 22:56:47.197] Found 1 issue(s)
[Info  - 22:56:47.645] Analyzing file 'file:///home/saroj/Documents/toneTag/src/App.js'...
[Info  - 22:56:47.833] Found 1 issue(s)
[Info  - 22:56:48.446] Analyzing file 'file:///home/saroj/Documents/toneTag/src/App.js'...
[Info  - 22:56:48.600] Found 0 issue(s)
[Info  - 22:56:49.446] Analyzing file 'file:///home/saroj/Documents/toneTag/src/App.js'...
[Info  - 22:56:49.597] Found 1 issue(s)
[Info  - 22:56:51.448] Analyzing file 'file:///home/saroj/Documents/toneTag/src/App.js'...
[Info  - 22:56:51.589] Found 1 issue(s)
[Info  - 22:56:52.056] Analyzing file 'file:///home/saroj/Documents/toneTag/src/App.js'...
[Info  - 22:56:52.156] Found 0 issue(s)
[Info  - 22:56:53.457] Analyzing file 'file:///home/saroj/Documents/toneTag/src/App.js'...
[Info  - 22:56:53.591] Found 1 issue(s)
[Info  - 22:56:54.992] Analyzing file 'file:///home/saroj/Documents/toneTag/src/App.js'...
[Info  - 22:56:55.154] Found 1 issue(s)
[Info  - 22:56:55.658] Analyzing file 'file:///home/saroj/Documents/toneTag/src/App.js'...
[Info  - 22:56:55.859] Found 1 issue(s)
[Info  - 22:57:40.094] Analyzing file 'file:///home/saroj/Documents/toneTag/src/App.js'...
[Info  - 22:57:40.256] Found 1 issue(s)
[Info  - 22:57:40.257] Analyzing file 'file:///home/saroj/Documents/toneTag/src/App.js'...
[Info  - 22:57:40.426] Found 1 issue(s)
[Info  - 22:57:53.069] Analyzing file 'file:///home/saroj/.cache/typescript/3.9/node_modules/%40types/react-native/index.d.ts'...
[Info  - 22:57:53.090] Found 0 issue(s)
[Info  - 22:57:54.304] Analyzing file 'file:///home/saroj/Documents/toneTag/src/App.js'...
[Info  - 22:57:54.516] Found 1 issue(s)
[Info  - 22:58:00.516] Analyzing file 'file:///home/saroj/Documents/toneTag/src/App.js'...
[Info  - 22:58:00.649] Found 1 issue(s)
[Info  - 22:58:01.316] Analyzing file 'file:///home/saroj/Documents/toneTag/src/App.js'...
[Info  - 22:58:01.462] Found 1 issue(s)
[Info  - 22:58:04.719] Analyzing file 'file:///home/saroj/Documents/toneTag/src/App.js'...
[Info  - 22:58:04.847] Found 1 issue(s)
[Info  - 22:58:05.520] Analyzing file 'file:///home/saroj/Documents/toneTag/src/App.js'...
[Info  - 22:58:05.687] Found 1 issue(s)
[Info  - 22:58:07.637] Analyzing file 'file:///home/saroj/Documents/toneTag/src/App.js'...
[Info  - 22:58:07.764] Found 1 issue(s)
[Info  - 22:58:07.931] Analyzing file 'file:///home/saroj/Documents/toneTag/src/App.js'...
[Info  - 22:58:08.078] Found 1 issue(s)
[Info  - 22:58:26.084] Analyzing file 'file:///home/saroj/Documents/toneTag/src/App.js'...
[Info  - 22:58:26.236] Found 1 issue(s)
[Info  - 22:58:26.346] Analyzing file 'file:///home/saroj/Documents/toneTag/src/App.js'...
[Info  - 22:58:26.505] Found 1 issue(s)
[Info  - 22:58:45.962] Analyzing file 'file:///home/saroj/Documents/toneTag/src/App.js'...
[Info  - 22:58:46.013] Found 0 issue(s)
[Info  - 22:58:50.166] Analyzing file 'file:///home/saroj/Documents/toneTag/src/App.js'...
[Info  - 22:58:50.310] Found 1 issue(s)
[Info  - 22:58:51.024] Analyzing file 'file:///home/saroj/Documents/toneTag/src/App.js'...
[Info  - 22:58:51.165] Found 1 issue(s)
[Info  - 22:58:51.567] Analyzing file 'file:///home/saroj/Documents/toneTag/src/App.js'...
[Info  - 22:58:51.736] Found 1 issue(s)
[Info  - 22:59:12.184] Analyzing file 'file:///home/saroj/Documents/toneTag/src/App.js'...
[Info  - 22:59:12.306] Found 1 issue(s)
[Info  - 22:59:12.306] Analyzing file 'file:///home/saroj/Documents/toneTag/src/App.js'...
[Info  - 22:59:12.461] Found 1 issue(s)
[Info  - 23:01:51.115] Analyzing file 'file:///home/saroj/Documents/toneTag/src/App.js'...
[Info  - 23:01:51.337] Found 1 issue(s)
[Info  - 23:01:53.316] Analyzing file 'file:///home/saroj/Documents/toneTag/src/App.js'...
[Info  - 23:01:53.377] Found 0 issue(s)
[Info  - 23:01:54.717] Analyzing file 'file:///home/saroj/Documents/toneTag/src/App.js'...
[Info  - 23:01:54.873] Found 1 issue(s)
[Info  - 23:02:01.525] Analyzing file 'file:///home/saroj/Documents/toneTag/src/App.js'...
[Info  - 23:02:01.671] Found 1 issue(s)
[Info  - 23:02:05.327] Analyzing file 'file:///home/saroj/Documents/toneTag/src/App.js'...
[Info  - 23:02:05.473] Found 1 issue(s)
[Info  - 23:02:08.530] Analyzing file 'file:///home/saroj/Documents/toneTag/src/App.js'...
[Info  - 23:02:08.684] Found 1 issue(s)
[Info  - 23:02:10.731] Analyzing file 'file:///home/saroj/Documents/toneTag/src/App.js'...
[Info  - 23:02:10.828] Found 0 issue(s)
[Info  - 23:02:11.932] Analyzing file 'file:///home/saroj/Documents/toneTag/src/App.js'...
[Info  - 23:02:12.066] Found 1 issue(s)
[Info  - 23:02:16.134] Analyzing file 'file:///home/saroj/Documents/toneTag/src/App.js'...
[Info  - 23:02:16.285] Found 1 issue(s)
[Info  - 23:02:18.212] Analyzing file 'file:///home/saroj/Documents/toneTag/src/App.js'...
[Info  - 23:02:18.369] Found 1 issue(s)
[Info  - 23:02:18.736] Analyzing file 'file:///home/saroj/Documents/toneTag/src/App.js'...
[Info  - 23:02:18.932] Found 1 issue(s)
[Info  - 23:02:36.027] Analyzing file 'file:///home/saroj/.cache/typescript/3.9/node_modules/%40types/react-native/index.d.ts'...
[Info  - 23:02:36.351] Analyzing file 'file:///home/saroj/Documents/toneTag/src/App.js'...
[Info  - 23:02:36.420] Found 0 issue(s)
[Info  - 23:02:38.352] Analyzing file 'file:///home/saroj/Documents/toneTag/src/App.js'...
[Info  - 23:02:38.585] Found 1 issue(s)
[Info  - 23:02:39.494] Analyzing file 'file:///home/saroj/Documents/toneTag/src/App.js'...
[Info  - 23:02:39.679] Found 1 issue(s)
[Info  - 23:02:40.184] Analyzing file 'file:///home/saroj/Documents/toneTag/src/App.js'...
[Info  - 23:02:40.329] Found 1 issue(s)
[Info  - 23:02:57.600] Analyzing file 'file:///home/saroj/Documents/toneTag/src/App.js'...
[Info  - 23:02:57.730] Found 1 issue(s)
[Info  - 23:02:57.868] Analyzing file 'file:///home/saroj/Documents/toneTag/src/App.js'...
[Info  - 23:02:58.002] Found 1 issue(s)
[Info  - 23:03:16.021] Analyzing file 'file:///home/saroj/Documents/toneTag/src/App.js'...
[Info  - 23:03:16.187] Found 1 issue(s)
[Info  - 23:03:18.022] Analyzing file 'file:///home/saroj/Documents/toneTag/src/App.js'...
[Info  - 23:03:18.161] Found 1 issue(s)
[Info  - 23:03:19.823] Analyzing file 'file:///home/saroj/Documents/toneTag/src/App.js'...
[Info  - 23:03:19.982] Found 1 issue(s)
[Info  - 23:03:21.024] Analyzing file 'file:///home/saroj/Documents/toneTag/src/App.js'...
[Info  - 23:03:21.160] Found 1 issue(s)
[Info  - 23:03:25.227] Analyzing file 'file:///home/saroj/Documents/toneTag/src/App.js'...
[Info  - 23:03:25.287] Found 0 issue(s)
[Info  - 23:03:28.029] Analyzing file 'file:///home/saroj/Documents/toneTag/src/App.js'...
[Info  - 23:03:28.180] Found 1 issue(s)
[Info  - 23:03:28.830] Analyzing file 'file:///home/saroj/Documents/toneTag/src/App.js'...
[Info  - 23:03:28.967] Found 1 issue(s)
[Info  - 23:03:29.431] Analyzing file 'file:///home/saroj/Documents/toneTag/src/App.js'...
[Info  - 23:03:29.577] Found 1 issue(s)
[Info  - 23:03:30.991] Analyzing file 'file:///home/saroj/Documents/toneTag/src/App.js'...
[Info  - 23:03:31.134] Found 1 issue(s)
[Info  - 23:03:31.632] Analyzing file 'file:///home/saroj/Documents/toneTag/src/App.js'...
[Info  - 23:03:31.815] Found 1 issue(s)
[Info  - 23:03:59.055] Analyzing file 'file:///home/saroj/Documents/toneTag/src/App.js'...
[Info  - 23:03:59.196] Found 1 issue(s)
[Info  - 23:04:06.568] Analyzing file 'file:///home/saroj/Documents/toneTag/src/App.js'...
[Info  - 23:04:06.758] Found 1 issue(s)
[Info  - 23:04:07.262] Analyzing file 'file:///home/saroj/Documents/toneTag/src/App.js'...
[Info  - 23:04:07.461] Found 1 issue(s)
[Info  - 23:04:13.538] Analyzing file 'file:///home/saroj/.cache/typescript/3.9/node_modules/%40types/react-native/index.d.ts'...
[Info  - 23:04:13.868] Analyzing file 'file:///home/saroj/Documents/toneTag/src/App.js'...
[Info  - 23:04:13.926] Found 0 issue(s)
[Info  - 23:04:16.054] Analyzing file 'file:///home/saroj/Documents/toneTag/src/App.js'...
[Info  - 23:04:16.220] Found 1 issue(s)
[Info  - 23:04:16.670] Analyzing file 'file:///home/saroj/Documents/toneTag/src/App.js'...
[Info  - 23:04:16.857] Found 1 issue(s)
